<?xml version="1.0" encoding="UTF-8"?>
<testsuite name="junit3" tests="1" skipped="0" failures="0" errors="0" timestamp="2023-08-11T20:52:39" hostname="R50000239" time="31.407">
  <properties/>
  <testcase name="handleMultipleTab" classname="junit3" time="31.407"/>
  <system-out><![CDATA[New tab title: 
]]></system-out>
  <system-err><![CDATA[SLF4J: No SLF4J providers were found.
SLF4J: Defaulting to no-operation (NOP) logger implementation
SLF4J: See https://www.slf4j.org/codes.html#noProviders for further details.
Aug 12, 2023 2:52:39 AM org.openqa.selenium.remote.service.DriverService$Builder getLogOutput
INFO: Driver logs no longer sent to console by default; https://www.selenium.dev/documentation/webdriver/drivers/service/#setting-log-output
Aug 12, 2023 2:52:45 AM org.openqa.selenium.devtools.CdpVersionFinder findNearestMatch
WARNING: Unable to find an exact match for CDP version 115, so returning the closest version found: 114
]]></system-err>
</testsuite>
